Determining if the pthread_create exist failed with the following output:
Change Dir: /home/hsaputra/cuda/CMakeFiles/CMakeTmp

Run Build Command:"/usr/bin/make" "cmTC_2fca9/fast"
/usr/bin/make -f CMakeFiles/cmTC_2fca9.dir/build.make CMakeFiles/cmTC_2fca9.dir/build
make[1]: Entering directory '/home/hsaputra/cuda/CMakeFiles/CMakeTmp'
Building CXX object CMakeFiles/cmTC_2fca9.dir/CheckSymbolExists.cxx.o
/usr/bin/c++     -o CMakeFiles/cmTC_2fca9.dir/CheckSymbolExists.cxx.o -c /home/hsaputra/cuda/CMakeFiles/CMakeTmp/CheckSymbolExists.cxx
Linking CXX executable cmTC_2fca9
/usr/local/bin/cmake -E cmake_link_script CMakeFiles/cmTC_2fca9.dir/link.txt --verbose=1
/usr/bin/c++       CMakeFiles/cmTC_2fca9.dir/CheckSymbolExists.cxx.o  -o cmTC_2fca9 
CMakeFiles/cmTC_2fca9.dir/CheckSymbolExists.cxx.o: In function `main':
CheckSymbolExists.cxx:(.text+0x16): undefined reference to `pthread_create'
collect2: error: ld returned 1 exit status
CMakeFiles/cmTC_2fca9.dir/build.make:86: recipe for target 'cmTC_2fca9' failed
make[1]: *** [cmTC_2fca9] Error 1
make[1]: Leaving directory '/home/hsaputra/cuda/CMakeFiles/CMakeTmp'
Makefile:126: recipe for target 'cmTC_2fca9/fast' failed
make: *** [cmTC_2fca9/fast] Error 2

File /home/hsaputra/cuda/CMakeFiles/CMakeTmp/CheckSymbolExists.cxx:
/* */
#include <pthread.h>

int main(int argc, char** argv)
{
  (void)argv;
#ifndef pthread_create
  return ((int*)(&pthread_create))[argc];
#else
  (void)argc;
  return 0;
#endif
}

Determining if the function pthread_create exists in the pthreads failed with the following output:
Change Dir: /home/hsaputra/cuda/CMakeFiles/CMakeTmp

Run Build Command:"/usr/bin/make" "cmTC_53a24/fast"
/usr/bin/make -f CMakeFiles/cmTC_53a24.dir/build.make CMakeFiles/cmTC_53a24.dir/build
make[1]: Entering directory '/home/hsaputra/cuda/CMakeFiles/CMakeTmp'
Building CXX object CMakeFiles/cmTC_53a24.dir/CheckFunctionExists.cxx.o
/usr/bin/c++    -DCHECK_FUNCTION_EXISTS=pthread_create   -o CMakeFiles/cmTC_53a24.dir/CheckFunctionExists.cxx.o -c /home/hsaputra/cuda/CMakeFiles/CheckLibraryExists/CheckFunctionExists.cxx
Linking CXX executable cmTC_53a24
/usr/local/bin/cmake -E cmake_link_script CMakeFiles/cmTC_53a24.dir/link.txt --verbose=1
/usr/bin/c++   -DCHECK_FUNCTION_EXISTS=pthread_create    CMakeFiles/cmTC_53a24.dir/CheckFunctionExists.cxx.o  -o cmTC_53a24 -lpthreads 
/usr/bin/ld: cannot find -lpthreads
collect2: error: ld returned 1 exit status
CMakeFiles/cmTC_53a24.dir/build.make:86: recipe for target 'cmTC_53a24' failed
make[1]: *** [cmTC_53a24] Error 1
make[1]: Leaving directory '/home/hsaputra/cuda/CMakeFiles/CMakeTmp'
Makefile:126: recipe for target 'cmTC_53a24/fast' failed
make: *** [cmTC_53a24/fast] Error 2


